<html>
<body>
<pre>
<h1>µVision Build Log</h1>
<h2>Project:</h2>
C:\Users\knoronha\Desktop\Egg_game-2013-04-10\Egg game\snake\snake.uvproj
Project File Date:  04/11/2013

<h2>Output:</h2>
Rebuild target 'Target 1'
assembling startup_LPC17xx.s...
compiling system_LPC17xx.c...
compiling main.c...
compiling GLCD_SPI_LPC1700.c...
compiling utilities.c...
linking...
Program Size: Code=4664 RO-data=6652 RW-data=76 ZI-data=612  
"snake.axf" - 0 Error(s), 0 Warning(s).
Load "C:\\Users\\knoronha\\Desktop\\Egg_game-2013-04-10\\Egg game\\snake\\snake.AXF" 
Erase Done.
Programming Done.
Verify OK.
Rebuild target 'Target 1'
assembling startup_LPC17xx.s...
compiling system_LPC17xx.c...
compiling main.c...
compiling GLCD_SPI_LPC1700.c...
compiling utilities.c...
linking...
Program Size: Code=4696 RO-data=6652 RW-data=76 ZI-data=612  
"snake.axf" - 0 Error(s), 0 Warning(s).
Load "C:\\Users\\knoronha\\Desktop\\Egg_game-2013-04-10\\Egg game\\snake\\snake.AXF" 
Erase Done.
Programming Done.
Verify OK.
Rebuild target 'Target 1'
assembling startup_LPC17xx.s...
compiling system_LPC17xx.c...
compiling main.c...
compiling GLCD_SPI_LPC1700.c...
compiling utilities.c...
linking...
Program Size: Code=4700 RO-data=6652 RW-data=76 ZI-data=612  
"snake.axf" - 0 Error(s), 0 Warning(s).
Load "C:\\Users\\knoronha\\Desktop\\Egg_game-2013-04-10\\Egg game\\snake\\snake.AXF" 
Erase Done.
Programming Done.
Verify OK.
Rebuild target 'Target 1'
assembling startup_LPC17xx.s...
compiling system_LPC17xx.c...
compiling main.c...
main.c(156): error:  #20: identifier "tx0" is undefined
main.c(157): error:  #20: identifier "ty0" is undefined
main.c(176): error:  #20: identifier "tx0" is undefined
main.c(177): error:  #20: identifier "ty0" is undefined
main.c(194): error:  #20: identifier "tx0" is undefined
main.c(195): error:  #20: identifier "ty0" is undefined
main.c(214): error:  #20: identifier "tx0" is undefined
main.c(215): error:  #20: identifier "ty0" is undefined
compiling GLCD_SPI_LPC1700.c...
compiling utilities.c...
Target not created
Rebuild target 'Target 1'
assembling startup_LPC17xx.s...
compiling system_LPC17xx.c...
compiling main.c...
main.c(116): error:  #29: expected an expression
main.c(148): warning:  #12-D: parsing restarts here after previous syntax error
main.c(148): error:  #65: expected a ";"
compiling GLCD_SPI_LPC1700.c...
compiling utilities.c...
Target not created
Rebuild target 'Target 1'
assembling startup_LPC17xx.s...
compiling system_LPC17xx.c...
compiling main.c...
main.c(116): error:  #29: expected an expression
main.c(148): warning:  #12-D: parsing restarts here after previous syntax error
main.c(148): error:  #65: expected a ";"
compiling GLCD_SPI_LPC1700.c...
compiling utilities.c...
Target not created
Rebuild target 'Target 1'
assembling startup_LPC17xx.s...
compiling system_LPC17xx.c...
compiling main.c...
compiling GLCD_SPI_LPC1700.c...
compiling utilities.c...
linking...
Program Size: Code=4996 RO-data=6652 RW-data=72 ZI-data=1808  
"snake.axf" - 0 Error(s), 0 Warning(s).
Load "C:\\Users\\knoronha\\Desktop\\Egg_game-2013-04-10\\Egg game\\snake\\snake.AXF" 
Erase Done.
Programming Done.
Verify OK.
Rebuild target 'Target 1'
assembling startup_LPC17xx.s...
compiling system_LPC17xx.c...
compiling main.c...
compiling GLCD_SPI_LPC1700.c...
compiling utilities.c...
linking...
Program Size: Code=5004 RO-data=6652 RW-data=72 ZI-data=1808  
"snake.axf" - 0 Error(s), 0 Warning(s).
Load "C:\\Users\\knoronha\\Desktop\\Egg_game-2013-04-10\\Egg game\\snake\\snake.AXF" 
Erase Done.
Programming Done.
Verify OK.
Rebuild target 'Target 1'
assembling startup_LPC17xx.s...
compiling system_LPC17xx.c...
compiling main.c...
compiling GLCD_SPI_LPC1700.c...
compiling utilities.c...
linking...
Program Size: Code=5004 RO-data=6652 RW-data=72 ZI-data=1808  
"snake.axf" - 0 Error(s), 0 Warning(s).
Load "C:\\Users\\knoronha\\Desktop\\Egg_game-2013-04-10\\Egg game\\snake\\snake.AXF" 
Erase Done.
Programming Done.
Verify OK.
Rebuild target 'Target 1'
assembling startup_LPC17xx.s...
compiling system_LPC17xx.c...
compiling main.c...
compiling GLCD_SPI_LPC1700.c...
compiling utilities.c...
linking...
Program Size: Code=4996 RO-data=6652 RW-data=72 ZI-data=1808  
"snake.axf" - 0 Error(s), 0 Warning(s).
Load "C:\\Users\\knoronha\\Desktop\\Egg_game-2013-04-10\\Egg game\\snake\\snake.AXF" 
Erase Done.
Programming Done.
Verify OK.
Rebuild target 'Target 1'
assembling startup_LPC17xx.s...
compiling system_LPC17xx.c...
compiling main.c...
compiling GLCD_SPI_LPC1700.c...
compiling utilities.c...
linking...
Program Size: Code=4996 RO-data=6652 RW-data=72 ZI-data=1808  
"snake.axf" - 0 Error(s), 0 Warning(s).
Load "C:\\Users\\knoronha\\Desktop\\Egg_game-2013-04-10\\Egg game\\snake\\snake.AXF" 
Erase Done.
Programming Done.
Verify OK.
Rebuild target 'Target 1'
assembling startup_LPC17xx.s...
compiling system_LPC17xx.c...
compiling main.c...
compiling GLCD_SPI_LPC1700.c...
compiling utilities.c...
linking...
Program Size: Code=4996 RO-data=6652 RW-data=72 ZI-data=1808  
"snake.axf" - 0 Error(s), 0 Warning(s).
Load "C:\\Users\\knoronha\\Desktop\\Egg_game-2013-04-10\\Egg game\\snake\\snake.AXF" 
Erase Done.
Programming Done.
Verify OK.
Rebuild target 'Target 1'
assembling startup_LPC17xx.s...
compiling system_LPC17xx.c...
compiling main.c...
compiling GLCD_SPI_LPC1700.c...
compiling utilities.c...
linking...
Program Size: Code=4952 RO-data=6652 RW-data=76 ZI-data=1812  
"snake.axf" - 0 Error(s), 0 Warning(s).
Load "C:\\Users\\knoronha\\Desktop\\Egg_game-2013-04-10\\Egg game\\snake\\snake.AXF" 
Erase Done.
Programming Done.
Verify OK.
Rebuild target 'Target 1'
assembling startup_LPC17xx.s...
compiling system_LPC17xx.c...
compiling main.c...
compiling GLCD_SPI_LPC1700.c...
compiling utilities.c...
linking...
Program Size: Code=4952 RO-data=6652 RW-data=76 ZI-data=1812  
"snake.axf" - 0 Error(s), 0 Warning(s).
Load "C:\\Users\\knoronha\\Desktop\\Egg_game-2013-04-10\\Egg game\\snake\\snake.AXF" 
Erase Done.
Programming Done.
Verify OK.
Rebuild target 'Target 1'
assembling startup_LPC17xx.s...
compiling system_LPC17xx.c...
compiling main.c...
main.c(50): error:  #18: expected a ")"
compiling GLCD_SPI_LPC1700.c...
compiling utilities.c...
Target not created
Load "C:\\Users\\knoronha\\Desktop\\Egg_game-2013-04-10\\Egg game\\snake\\snake.AXF" 
_____^
*** error 56: cannot open file
Rebuild target 'Target 1'
assembling startup_LPC17xx.s...
compiling system_LPC17xx.c...
compiling main.c...
main.c(50): error:  #18: expected a ")"
compiling GLCD_SPI_LPC1700.c...
compiling utilities.c...
Target not created
Load "C:\\Users\\knoronha\\Desktop\\Egg_game-2013-04-10\\Egg game\\snake\\snake.AXF" 
_____^
*** error 56: cannot open file
Rebuild target 'Target 1'
assembling startup_LPC17xx.s...
compiling system_LPC17xx.c...
compiling main.c...
main.c(50): error:  #18: expected a ")"
compiling GLCD_SPI_LPC1700.c...
compiling utilities.c...
Target not created
Rebuild target 'Target 1'
assembling startup_LPC17xx.s...
compiling system_LPC17xx.c...
compiling main.c...
compiling GLCD_SPI_LPC1700.c...
compiling utilities.c...
linking...
Program Size: Code=4968 RO-data=6652 RW-data=76 ZI-data=1812  
"snake.axf" - 0 Error(s), 0 Warning(s).
Load "C:\\Users\\knoronha\\Desktop\\Egg_game-2013-04-10\\Egg game\\snake\\snake.AXF" 
Erase Done.
Programming Done.
Verify OK.
Rebuild target 'Target 1'
assembling startup_LPC17xx.s...
compiling system_LPC17xx.c...
compiling main.c...
compiling GLCD_SPI_LPC1700.c...
compiling utilities.c...
linking...
Program Size: Code=4968 RO-data=6652 RW-data=76 ZI-data=1812  
"snake.axf" - 0 Error(s), 0 Warning(s).
Load "C:\\Users\\knoronha\\Desktop\\Egg_game-2013-04-10\\Egg game\\snake\\snake.AXF" 
Erase Done.
Programming Done.
Verify OK.
Rebuild target 'Target 1'
assembling startup_LPC17xx.s...
compiling system_LPC17xx.c...
compiling main.c...
compiling GLCD_SPI_LPC1700.c...
compiling utilities.c...
compiling uart.c...
uart.c(22): error:  #5: cannot open source input file "type.h": No such file or directory
Target not created
Rebuild target 'Target 1'
assembling startup_LPC17xx.s...
compiling system_LPC17xx.c...
compiling main.c...
compiling GLCD_SPI_LPC1700.c...
compiling utilities.c...
compiling uart.c...
linking...
snake.axf: Error: L6218E: Undefined symbol SystemCoreClock (referred from uart.o).
Target not created
Rebuild target 'Target 1'
assembling startup_LPC17xx.s...
compiling system_LPC17xx.c...
compiling main.c...
compiling GLCD_SPI_LPC1700.c...
compiling utilities.c...
compiling uart.c...
uart.c(209): error:  #20: identifier "SystemFrequency" is undefined
Target not created
Rebuild target 'Target 1'
assembling startup_LPC17xx.s...
compiling system_LPC17xx.c...
compiling main.c...
compiling GLCD_SPI_LPC1700.c...
compiling utilities.c...
compiling uart.c...
linking...
snake.axf: Error: L6218E: Undefined symbol SystemCoreClock (referred from uart.o).
Target not created
Build target 'Target 1'
linking...
snake.axf: Error: L6218E: Undefined symbol SystemCoreClock (referred from uart.o).
Target not created
Rebuild target 'Target 1'
assembling startup_LPC17xx.s...
compiling system_LPC17xx.c...
compiling main.c...
compiling GLCD_SPI_LPC1700.c...
compiling utilities.c...
compiling uart.c...
linking...
snake.axf: Error: L6218E: Undefined symbol SystemCoreClock (referred from uart.o).
Target not created
Rebuild target 'Target 1'
assembling startup_LPC17xx.s...
compiling system_LPC17xx.c...
compiling main.c...
compiling GLCD_SPI_LPC1700.c...
compiling utilities.c...
compiling uart.c...
linking...
snake.axf: Error: L6218E: Undefined symbol SystemCoreClock (referred from uart.o).
Target not created
Rebuild target 'Target 1'
assembling startup_LPC17xx.s...
compiling system_LPC17xx.c...
compiling main.c...
compiling GLCD_SPI_LPC1700.c...
compiling utilities.c...
compiling uart.c...
linking...
snake.axf: Error: L6218E: Undefined symbol SystemCoreClock (referred from uart.o).
Target not created
Rebuild target 'Target 1'
assembling startup_LPC17xx.s...
compiling system_LPC17xx.c...
compiling main.c...
compiling GLCD_SPI_LPC1700.c...
compiling utilities.c...
compiling uart.c...
linking...
snake.axf: Error: L6218E: Undefined symbol SystemCoreClock (referred from uart.o).
Target not created
Rebuild target 'Target 1'
assembling startup_LPC17xx.s...
compiling system_LPC17xx.c...
compiling main.c...
compiling GLCD_SPI_LPC1700.c...
compiling utilities.c...
linking...
Program Size: Code=4968 RO-data=6652 RW-data=76 ZI-data=1812  
"snake.axf" - 0 Error(s), 0 Warning(s).
Rebuild target 'Target 1'
assembling startup_LPC17xx.s...
compiling system_LPC17xx.c...
compiling main.c...
compiling GLCD_SPI_LPC1700.c...
compiling utilities.c...
linking...
Program Size: Code=4968 RO-data=6652 RW-data=76 ZI-data=1812  
"snake.axf" - 0 Error(s), 0 Warning(s).
Rebuild target 'Target 1'
assembling startup_LPC17xx.s...
compiling system_LPC17xx.c...
compiling main.c...
compiling GLCD_SPI_LPC1700.c...
compiling utilities.c...
linking...
Program Size: Code=4968 RO-data=6652 RW-data=76 ZI-data=1812  
"snake.axf" - 0 Error(s), 0 Warning(s).
Rebuild target 'Target 1'
assembling startup_LPC17xx.s...
compiling system_LPC17xx.c...
compiling main.c...
compiling GLCD_SPI_LPC1700.c...
compiling utilities.c...
compiling uart.c...
linking...
snake.axf: Error: L6218E: Undefined symbol SystemCoreClock (referred from uart.o).
Target not created
Rebuild target 'Target 1'
assembling startup_LPC17xx.s...
compiling system_LPC17xx.c...
compiling main.c...
main.c(6): error:  #5: cannot open source input file "uart.h": No such file or directory
compiling GLCD_SPI_LPC1700.c...
compiling utilities.c...
Target not created
Rebuild target 'Target 1'
assembling startup_LPC17xx.s...
compiling system_LPC17xx.c...
compiling main.c...
compiling GLCD_SPI_LPC1700.c...
compiling utilities.c...
linking...
Program Size: Code=4968 RO-data=6652 RW-data=76 ZI-data=1812  
"snake.axf" - 0 Error(s), 0 Warning(s).
Rebuild target 'Target 1'
assembling startup_LPC17xx.s...
compiling system_LPC17xx.c...
compiling main.c...
compiling GLCD_SPI_LPC1700.c...
compiling utilities.c...
linking...
Program Size: Code=4968 RO-data=6652 RW-data=76 ZI-data=1812  
"snake.axf" - 0 Error(s), 0 Warning(s).
Load "C:\\Users\\knoronha\\Desktop\\Egg_game-2013-04-10\\Egg game\\snake\\snake.AXF" 
Erase Done.
Programming Done.
Verify OK.
Rebuild target 'Target 1'
assembling startup_LPC17xx.s...
compiling system_LPC17xx.c...
compiling main.c...
compiling GLCD_SPI_LPC1700.c...
compiling utilities.c...
compiling uart.c...
uart.c(209): error:  #20: identifier "SystemCoreClock" is undefined
uart.c(247): error:  #20: identifier "SystemCoreClock" is undefined
Target not created
Rebuild target 'Target 1'
assembling startup_LPC17xx.s...
compiling system_LPC17xx.c...
compiling main.c...
compiling GLCD_SPI_LPC1700.c...
compiling utilities.c...
compiling uart.c...
linking...
snake.axf: Error: L6218E: Undefined symbol SystemCoreClock (referred from uart.o).
Target not created
Rebuild target 'Target 1'
assembling startup_LPC17xx.s...
compiling system_LPC17xx.c...
compiling main.c...
compiling GLCD_SPI_LPC1700.c...
compiling utilities.c...
compiling uart.c...
linking...
Program Size: Code=5744 RO-data=6652 RW-data=96 ZI-data=1936  
"snake.axf" - 0 Error(s), 0 Warning(s).
Rebuild target 'Target 1'
assembling startup_LPC17xx.s...
compiling system_LPC17xx.c...
compiling main.c...
compiling GLCD_SPI_LPC1700.c...
compiling utilities.c...
compiling uart.c...
linking...
Program Size: Code=5744 RO-data=6652 RW-data=96 ZI-data=1936  
"snake.axf" - 0 Error(s), 0 Warning(s).
Load "C:\\Users\\knoronha\\Desktop\\Egg_game-2013-04-10\\Egg game\\snake\\snake.AXF" 
Erase Done.
Programming Done.
Verify OK.
Rebuild target 'Target 1'
assembling startup_LPC17xx.s...
compiling system_LPC17xx.c...
compiling main.c...
main.c(45): warning:  #223-D: function "UARTInit" declared implicitly
compiling GLCD_SPI_LPC1700.c...
compiling utilities.c...
compiling uart.c...
linking...
Program Size: Code=5764 RO-data=6652 RW-data=96 ZI-data=1936  
"snake.axf" - 0 Error(s), 1 Warning(s).
Rebuild target 'Target 1'
assembling startup_LPC17xx.s...
compiling system_LPC17xx.c...
compiling main.c...
main.c(45): warning:  #223-D: function "UARTInit" declared implicitly
main.c(140): error:  #20: identifier "UART0Count" is undefined
main.c(142): error:  #20: identifier "IER_THRE" is undefined
main.c(142): error:  #20: identifier "IER_RLS" is undefined
main.c(145): error:  #20: identifier "val_Tx" is undefined
main.c(145): error:  #20: identifier "UART0Buffer" is undefined
main.c(150): warning:  #223-D: function "val_display" declared implicitly
main.c(155): error:  #20: identifier "IER_RBR" is undefined
main.c(157): error:  #20: identifier "UART1Count" is undefined
main.c(159): error:  #20: identifier "IER_THRE" is undefined
main.c(159): error:  #20: identifier "IER_RLS" is undefined
main.c(160): warning:  #223-D: function "UARTSend" declared implicitly
main.c(160): error:  #20: identifier "UART1Buffer" is undefined
main.c(162): error:  #20: identifier "val_Tx" is undefined
main.c(168): warning:  #223-D: function "val_display" declared implicitly
main.c(171): error:  #20: identifier "IER_RBR" is undefined
compiling GLCD_SPI_LPC1700.c...
compiling utilities.c...
compiling uart.c...
Target not created
Rebuild target 'Target 1'
assembling startup_LPC17xx.s...
compiling system_LPC17xx.c...
compiling main.c...
main.c(141): error:  #20: identifier "UART0Count" is undefined
main.c(146): error:  #20: identifier "val_Tx" is undefined
main.c(146): error:  #20: identifier "UART0Buffer" is undefined
main.c(151): warning:  #223-D: function "val_display" declared implicitly
main.c(158): error:  #20: identifier "UART1Count" is undefined
main.c(161): error:  #20: identifier "UART1Buffer" is undefined
main.c(163): error:  #20: identifier "val_Tx" is undefined
main.c(169): warning:  #223-D: function "val_display" declared implicitly
compiling GLCD_SPI_LPC1700.c...
compiling utilities.c...
compiling uart.c...
Target not created
Rebuild target 'Target 1'
assembling startup_LPC17xx.s...
compiling system_LPC17xx.c...
compiling main.c...
main.c(142): error:  #20: identifier "UART0Count" is undefined
main.c(147): error:  #20: identifier "UART0Buffer" is undefined
main.c(152): warning:  #223-D: function "val_display" declared implicitly
main.c(159): error:  #20: identifier "UART1Count" is undefined
main.c(162): error:  #20: identifier "UART1Buffer" is undefined
main.c(170): warning:  #223-D: function "val_display" declared implicitly
compiling GLCD_SPI_LPC1700.c...
compiling utilities.c...
compiling uart.c...
Target not created
Rebuild target 'Target 1'
assembling startup_LPC17xx.s...
compiling system_LPC17xx.c...
compiling main.c...
main.c(160): warning:  #223-D: function "val_display" declared implicitly
main.c(178): warning:  #223-D: function "val_display" declared implicitly
compiling GLCD_SPI_LPC1700.c...
compiling utilities.c...
compiling uart.c...
linking...
snake.axf: Error: L6218E: Undefined symbol val_display (referred from main.o).
Target not created
Rebuild target 'Target 1'
assembling startup_LPC17xx.s...
compiling system_LPC17xx.c...
compiling main.c...
main.c(160): warning:  #223-D: function "val_display" declared implicitly
main.c(178): warning:  #223-D: function "val_display" declared implicitly
main.c(240): error:  #159: declaration is incompatible with previous "val_display" (declared at line 160)
main.c(244): warning:  #223-D: function "sprintf" declared implicitly
main.c(244): error:  #20: identifier "text" is undefined
main.c(245): error:  #20: identifier "__FI" is undefined
main.c(250): warning:  #223-D: function "Delay" declared implicitly
compiling GLCD_SPI_LPC1700.c...
compiling utilities.c...
compiling uart.c...
Target not created
Rebuild target 'Target 1'
assembling startup_LPC17xx.s...
compiling system_LPC17xx.c...
compiling main.c...
main.c(160): warning:  #223-D: function "val_display" declared implicitly
main.c(178): warning:  #223-D: function "val_display" declared implicitly
main.c(240): error:  #159: declaration is incompatible with previous "val_display" (declared at line 160)
main.c(249): error:  #65: expected a ";"
compiling GLCD_SPI_LPC1700.c...
compiling utilities.c...
compiling uart.c...
Target not created
Rebuild target 'Target 1'
assembling startup_LPC17xx.s...
compiling system_LPC17xx.c...
compiling main.c...
main.c(160): warning:  #223-D: function "val_display" declared implicitly
main.c(178): warning:  #223-D: function "val_display" declared implicitly
main.c(240): error:  #159: declaration is incompatible with previous "val_display" (declared at line 160)
main.c(249): warning:  #223-D: function "Delay" declared implicitly
compiling GLCD_SPI_LPC1700.c...
compiling utilities.c...
compiling uart.c...
Target not created
Rebuild target 'Target 1'
assembling startup_LPC17xx.s...
compiling system_LPC17xx.c...
compiling main.c...
main.c(160): warning:  #223-D: function "val_display" declared implicitly
main.c(178): warning:  #223-D: function "val_display" declared implicitly
main.c(240): error:  #159: declaration is incompatible with previous "val_display" (declared at line 160)
main.c(249): warning:  #223-D: function "Delay" declared implicitly
compiling GLCD_SPI_LPC1700.c...
compiling utilities.c...
compiling uart.c...
Target not created
Rebuild target 'Target 1'
assembling startup_LPC17xx.s...
compiling system_LPC17xx.c...
compiling main.c...
main.c(160): warning:  #223-D: function "val_display" declared implicitly
main.c(178): warning:  #223-D: function "val_display" declared implicitly
main.c(240): error:  #159: declaration is incompatible with previous "val_display" (declared at line 160)
main.c(249): warning:  #223-D: function "Delay" declared implicitly
compiling GLCD_SPI_LPC1700.c...
compiling utilities.c...
compiling uart.c...
Target not created
Rebuild target 'Target 1'
assembling startup_LPC17xx.s...
compiling system_LPC17xx.c...
compiling main.c...
compiling GLCD_SPI_LPC1700.c...
compiling utilities.c...
utilities.c(34): warning:  #223-D: function "Delay" declared implicitly
utilities.c(35): warning:  #1-D: last line of file ends without a newline
compiling uart.c...
linking...
snake.axf: Error: L6218E: Undefined symbol Delay (referred from utilities.o).
Target not created
Rebuild target 'Target 1'
assembling startup_LPC17xx.s...
compiling system_LPC17xx.c...
compiling main.c...
compiling GLCD_SPI_LPC1700.c...
compiling utilities.c...
utilities.c(34): warning:  #1-D: last line of file ends without a newline
compiling uart.c...
linking...
Program Size: Code=5404 RO-data=6624 RW-data=96 ZI-data=736  
"snake.axf" - 0 Error(s), 1 Warning(s).
Load "C:\\Users\\knoronha\\Desktop\\Egg_game-2013-04-10\\Egg game\\snake\\snake.AXF" 
Erase Done.
Programming Done.
Verify OK.
Load "C:\\Users\\knoronha\\Desktop\\Egg_game-2013-04-10\\Egg game\\snake\\snake.AXF" 
Erase Done.
Programming Done.
Verify OK.
Rebuild target 'Target 1'
assembling startup_LPC17xx.s...
compiling system_LPC17xx.c...
compiling main.c...
main.c(38): error:  #20: identifier "__FI" is undefined
compiling GLCD_SPI_LPC1700.c...
compiling utilities.c...
utilities.c(34): warning:  #1-D: last line of file ends without a newline
compiling uart.c...
Target not created
Rebuild target 'Target 1'
assembling startup_LPC17xx.s...
compiling system_LPC17xx.c...
compiling main.c...
compiling GLCD_SPI_LPC1700.c...
compiling utilities.c...
utilities.c(34): warning:  #1-D: last line of file ends without a newline
compiling uart.c...
linking...
Program Size: Code=5548 RO-data=6624 RW-data=96 ZI-data=736  
"snake.axf" - 0 Error(s), 1 Warning(s).
Rebuild target 'Target 1'
assembling startup_LPC17xx.s...
compiling system_LPC17xx.c...
compiling main.c...
compiling GLCD_SPI_LPC1700.c...
compiling utilities.c...
utilities.c(34): warning:  #1-D: last line of file ends without a newline
compiling uart.c...
linking...
Program Size: Code=5544 RO-data=6624 RW-data=96 ZI-data=736  
"snake.axf" - 0 Error(s), 1 Warning(s).
Load "C:\\Users\\knoronha\\Desktop\\Egg_game-2013-04-10\\Egg game\\snake\\snake.AXF" 
Erase Done.
Programming Done.
Verify OK.
Rebuild target 'Target 1'
assembling startup_LPC17xx.s...
compiling system_LPC17xx.c...
compiling main.c...
compiling GLCD_SPI_LPC1700.c...
compiling utilities.c...
utilities.c(34): warning:  #1-D: last line of file ends without a newline
compiling uart.c...
linking...
Program Size: Code=5616 RO-data=6624 RW-data=96 ZI-data=736  
"snake.axf" - 0 Error(s), 1 Warning(s).
Load "C:\\Users\\knoronha\\Desktop\\Egg_game-2013-04-10\\Egg game\\snake\\snake.AXF" 
Erase Done.
Programming Done.
Verify OK.
Rebuild target 'Target 1'
assembling startup_LPC17xx.s...
compiling system_LPC17xx.c...
compiling main.c...
compiling GLCD_SPI_LPC1700.c...
compiling utilities.c...
utilities.c(34): warning:  #1-D: last line of file ends without a newline
compiling uart.c...
linking...
Program Size: Code=5616 RO-data=6624 RW-data=96 ZI-data=736  
"snake.axf" - 0 Error(s), 1 Warning(s).
Load "C:\\Users\\knoronha\\Desktop\\Egg_game-2013-04-10\\Egg game\\snake\\snake.AXF" 
Erase Done.
Programming Done.
Verify OK.
Rebuild target 'Target 1'
assembling startup_LPC17xx.s...
compiling system_LPC17xx.c...
compiling main.c...
main.c(48): error:  #20: identifier "SystemCoreClock" is undefined
compiling GLCD_SPI_LPC1700.c...
compiling utilities.c...
utilities.c(34): warning:  #1-D: last line of file ends without a newline
compiling uart.c...
Target not created
Rebuild target 'Target 1'
assembling startup_LPC17xx.s...
compiling system_LPC17xx.c...
compiling main.c...
compiling GLCD_SPI_LPC1700.c...
compiling utilities.c...
utilities.c(34): warning:  #1-D: last line of file ends without a newline
compiling uart.c...
linking...
Program Size: Code=5708 RO-data=6624 RW-data=96 ZI-data=736  
"snake.axf" - 0 Error(s), 1 Warning(s).
Load "C:\\Users\\knoronha\\Desktop\\Egg_game-2013-04-10\\Egg game\\snake\\snake.AXF" 
Erase Done.
Programming Done.
Verify OK.
Rebuild target 'Target 1'
assembling startup_LPC17xx.s...
compiling system_LPC17xx.c...
compiling main.c...
compiling GLCD_SPI_LPC1700.c...
compiling utilities.c...
utilities.c(34): warning:  #1-D: last line of file ends without a newline
compiling uart.c...
linking...
Program Size: Code=5716 RO-data=6624 RW-data=96 ZI-data=736  
"snake.axf" - 0 Error(s), 1 Warning(s).
Load "C:\\Users\\knoronha\\Desktop\\Egg_game-2013-04-10\\Egg game\\snake\\snake.AXF" 
Erase Done.
Programming Done.
Verify OK.
Rebuild target 'Target 1'
assembling startup_LPC17xx.s...
compiling system_LPC17xx.c...
compiling main.c...
compiling GLCD_SPI_LPC1700.c...
compiling utilities.c...
utilities.c(34): warning:  #1-D: last line of file ends without a newline
compiling uart.c...
linking...
Program Size: Code=5764 RO-data=6624 RW-data=96 ZI-data=1936  
"snake.axf" - 0 Error(s), 1 Warning(s).
Rebuild target 'Target 1'
assembling startup_LPC17xx.s...
compiling system_LPC17xx.c...
compiling main.c...
compiling GLCD_SPI_LPC1700.c...
compiling utilities.c...
utilities.c(34): warning:  #1-D: last line of file ends without a newline
compiling uart.c...
linking...
Program Size: Code=5764 RO-data=6624 RW-data=96 ZI-data=1936  
"snake.axf" - 0 Error(s), 1 Warning(s).
Load "C:\\Users\\knoronha\\Desktop\\Egg_game-2013-04-10\\Egg game\\snake\\snake.AXF" 
Erase Done.
Programming Done.
Verify OK.
Rebuild target 'Target 1'
assembling startup_LPC17xx.s...
compiling system_LPC17xx.c...
compiling main.c...
compiling GLCD_SPI_LPC1700.c...
compiling utilities.c...
utilities.c(34): warning:  #1-D: last line of file ends without a newline
compiling uart.c...
linking...
Program Size: Code=5764 RO-data=6624 RW-data=96 ZI-data=1936  
"snake.axf" - 0 Error(s), 1 Warning(s).
Load "C:\\Users\\knoronha\\Desktop\\Egg_game-2013-04-10\\Egg game\\snake\\snake.AXF" 
Erase Done.
Programming Done.
Verify OK.
Rebuild target 'Target 1'
assembling startup_LPC17xx.s...
compiling system_LPC17xx.c...
compiling main.c...
compiling GLCD_SPI_LPC1700.c...
compiling utilities.c...
utilities.c(34): warning:  #1-D: last line of file ends without a newline
compiling uart.c...
linking...
Program Size: Code=5772 RO-data=6624 RW-data=96 ZI-data=1936  
"snake.axf" - 0 Error(s), 1 Warning(s).
Load "C:\\Users\\knoronha\\Desktop\\Egg_game-2013-04-10\\Egg game\\snake\\snake.AXF" 
Erase Done.
Programming Done.
Verify OK.
Rebuild target 'Target 1'
assembling startup_LPC17xx.s...
compiling system_LPC17xx.c...
compiling main.c...
compiling GLCD_SPI_LPC1700.c...
compiling utilities.c...
utilities.c(34): warning:  #1-D: last line of file ends without a newline
compiling uart.c...
linking...
Program Size: Code=5772 RO-data=6624 RW-data=96 ZI-data=1936  
"snake.axf" - 0 Error(s), 1 Warning(s).
Load "C:\\Users\\knoronha\\Desktop\\Egg_game-2013-04-10\\Egg game\\snake\\snake.AXF" 
Erase Done.
Programming Done.
Verify OK.
Rebuild target 'Target 1'
assembling startup_LPC17xx.s...
compiling system_LPC17xx.c...
compiling main.c...
compiling GLCD_SPI_LPC1700.c...
compiling utilities.c...
utilities.c(34): warning:  #1-D: last line of file ends without a newline
compiling uart.c...
linking...
Program Size: Code=5772 RO-data=6624 RW-data=96 ZI-data=1936  
"snake.axf" - 0 Error(s), 1 Warning(s).
Rebuild target 'Target 1'
assembling startup_LPC17xx.s...
compiling system_LPC17xx.c...
compiling main.c...
compiling GLCD_SPI_LPC1700.c...
compiling utilities.c...
utilities.c(34): warning:  #1-D: last line of file ends without a newline
compiling uart.c...
linking...
Program Size: Code=1748 RO-data=424 RW-data=24 ZI-data=736  
"snake.axf" - 0 Error(s), 1 Warning(s).
Rebuild target 'Target 1'
assembling startup_LPC17xx.s...
compiling system_LPC17xx.c...
compiling main.c...
compiling GLCD_SPI_LPC1700.c...
compiling utilities.c...
utilities.c(34): warning:  #1-D: last line of file ends without a newline
compiling uart.c...
linking...
Program Size: Code=1748 RO-data=424 RW-data=24 ZI-data=736  
"snake.axf" - 0 Error(s), 1 Warning(s).
Rebuild target 'Target 1'
assembling startup_LPC17xx.s...
compiling system_LPC17xx.c...
compiling main.c...
compiling GLCD_SPI_LPC1700.c...
compiling utilities.c...
utilities.c(34): warning:  #1-D: last line of file ends without a newline
compiling uart.c...
linking...
Program Size: Code=1772 RO-data=400 RW-data=24 ZI-data=736  
"snake.axf" - 0 Error(s), 1 Warning(s).
Rebuild target 'Target 1'
assembling startup_LPC17xx.s...
compiling system_LPC17xx.c...
compiling main.c...
main.c(92): error:  #20: identifier "UART0Count" is undefined
main.c(95): error:  #20: identifier "UART0Buffer" is undefined
main.c(99): error:  #20: identifier "UART1Count" is undefined
main.c(102): error:  #20: identifier "UART1Buffer" is undefined
compiling GLCD_SPI_LPC1700.c...
compiling utilities.c...
utilities.c(34): warning:  #1-D: last line of file ends without a newline
compiling uart.c...
Target not created
Rebuild target 'Target 1'
assembling startup_LPC17xx.s...
compiling system_LPC17xx.c...
compiling main.c...
compiling GLCD_SPI_LPC1700.c...
compiling utilities.c...
utilities.c(34): warning:  #1-D: last line of file ends without a newline
compiling uart.c...
linking...
Program Size: Code=1868 RO-data=304 RW-data=24 ZI-data=736  
"snake.axf" - 0 Error(s), 1 Warning(s).
Load "C:\\Users\\knoronha\\Desktop\\Egg_game-2013-04-10\\Egg game\\snake\\snake.AXF" 
Erase Done.
Programming Done.
Verify OK.
Load "C:\\Users\\knoronha\\Desktop\\Egg_game-2013-04-10\\Egg game\\snake\\snake.AXF" 
Erase Done.
Programming Done.
Verify OK.
Rebuild target 'Target 1'
assembling startup_LPC17xx.s...
compiling system_LPC17xx.c...
compiling main.c...
main.c(99): error:  #20: identifier "val_Tx" is undefined
main.c(107): error:  #20: identifier "val_Tx" is undefined
compiling GLCD_SPI_LPC1700.c...
compiling utilities.c...
utilities.c(34): warning:  #1-D: last line of file ends without a newline
compiling uart.c...
Target not created
Load "C:\\Users\\knoronha\\Desktop\\Egg_game-2013-04-10\\Egg game\\snake\\snake.AXF" 
_____^
*** error 56: cannot open file
Rebuild target 'Target 1'
assembling startup_LPC17xx.s...
compiling system_LPC17xx.c...
compiling main.c...
compiling GLCD_SPI_LPC1700.c...
compiling utilities.c...
utilities.c(34): warning:  #1-D: last line of file ends without a newline
compiling uart.c...
linking...
Program Size: Code=1860 RO-data=312 RW-data=92 ZI-data=740  
"snake.axf" - 0 Error(s), 1 Warning(s).
Load "C:\\Users\\knoronha\\Desktop\\Egg_game-2013-04-10\\Egg game\\snake\\snake.AXF" 
Erase Done.
Programming Done.
Verify OK.
Rebuild target 'Target 1'
assembling startup_LPC17xx.s...
compiling system_LPC17xx.c...
compiling main.c...
compiling GLCD_SPI_LPC1700.c...
compiling utilities.c...
utilities.c(34): warning:  #1-D: last line of file ends without a newline
compiling uart.c...
linking...
Program Size: Code=1888 RO-data=284 RW-data=92 ZI-data=740  
"snake.axf" - 0 Error(s), 1 Warning(s).
Load "C:\\Users\\knoronha\\Desktop\\Egg_game-2013-04-10\\Egg game\\snake\\snake.AXF" 
Erase Done.
Programming Done.
Verify OK.
Rebuild target 'Target 1'
assembling startup_LPC17xx.s...
compiling system_LPC17xx.c...
compiling main.c...
compiling GLCD_SPI_LPC1700.c...
compiling utilities.c...
utilities.c(34): warning:  #1-D: last line of file ends without a newline
compiling uart.c...
linking...
Program Size: Code=5764 RO-data=6624 RW-data=96 ZI-data=1936  
"snake.axf" - 0 Error(s), 1 Warning(s).
Load "C:\\Users\\knoronha\\Desktop\\Egg_game-2013-04-10\\Egg game\\snake\\snake.AXF" 
Erase Done.
Programming Done.
Verify OK.
Rebuild target 'Target 1'
assembling startup_LPC17xx.s...
compiling system_LPC17xx.c...
compiling main.c...
compiling GLCD_SPI_LPC1700.c...
compiling utilities.c...
utilities.c(34): warning:  #1-D: last line of file ends without a newline
compiling uart.c...
linking...
Program Size: Code=5648 RO-data=6624 RW-data=96 ZI-data=1936  
"snake.axf" - 0 Error(s), 1 Warning(s).
Load "C:\\Users\\knoronha\\Desktop\\Egg_game-2013-04-10\\Egg game\\snake\\snake.AXF" 
Erase Done.
Programming Done.
Verify OK.
Rebuild target 'Target 1'
assembling startup_LPC17xx.s...
compiling system_LPC17xx.c...
compiling main.c...
compiling GLCD_SPI_LPC1700.c...
compiling utilities.c...
utilities.c(34): warning:  #1-D: last line of file ends without a newline
compiling uart.c...
linking...
Program Size: Code=5772 RO-data=6624 RW-data=96 ZI-data=1936  
"snake.axf" - 0 Error(s), 1 Warning(s).
Load "C:\\Users\\knoronha\\Desktop\\Egg_game-2013-04-10\\Egg game\\snake\\snake.AXF" 
Erase Done.
Programming Done.
Verify OK.
Rebuild target 'Target 1'
assembling startup_LPC17xx.s...
compiling system_LPC17xx.c...
compiling main.c...
compiling GLCD_SPI_LPC1700.c...
compiling utilities.c...
utilities.c(34): warning:  #1-D: last line of file ends without a newline
compiling uart.c...
linking...
Program Size: Code=5624 RO-data=6624 RW-data=96 ZI-data=1936  
"snake.axf" - 0 Error(s), 1 Warning(s).
Load "C:\\Users\\knoronha\\Desktop\\Egg_game-2013-04-10\\Egg game\\snake\\snake.AXF" 
Erase Done.
Programming Done.
Verify OK.
Rebuild target 'Target 1'
assembling startup_LPC17xx.s...
compiling system_LPC17xx.c...
compiling main.c...
compiling GLCD_SPI_LPC1700.c...
compiling utilities.c...
utilities.c(34): warning:  #1-D: last line of file ends without a newline
compiling uart.c...
linking...
Program Size: Code=5652 RO-data=6624 RW-data=96 ZI-data=1936  
"snake.axf" - 0 Error(s), 1 Warning(s).
Load "C:\\Users\\knoronha\\Desktop\\Egg_game-2013-04-10\\Egg game\\snake\\snake.AXF" 
Erase Done.
Programming Done.
Verify OK.
Rebuild target 'Target 1'
assembling startup_LPC17xx.s...
compiling system_LPC17xx.c...
compiling main.c...
compiling GLCD_SPI_LPC1700.c...
compiling utilities.c...
utilities.c(34): warning:  #1-D: last line of file ends without a newline
compiling uart.c...
linking...
Program Size: Code=5792 RO-data=6624 RW-data=96 ZI-data=1936  
"snake.axf" - 0 Error(s), 1 Warning(s).
Load "C:\\Users\\knoronha\\Desktop\\Egg_game-2013-04-10\\Egg game\\snake\\snake.AXF" 
Erase Done.
Programming Done.
Verify OK.
Rebuild target 'Target 1'
assembling startup_LPC17xx.s...
compiling system_LPC17xx.c...
compiling main.c...
compiling GLCD_SPI_LPC1700.c...
compiling utilities.c...
utilities.c(34): warning:  #1-D: last line of file ends without a newline
compiling uart.c...
linking...
Program Size: Code=5840 RO-data=6624 RW-data=96 ZI-data=1936  
"snake.axf" - 0 Error(s), 1 Warning(s).
Load "C:\\Users\\knoronha\\Desktop\\Egg_game-2013-04-10\\Egg game\\snake\\snake.AXF" 
Erase Done.
Programming Done.
Verify OK.
Rebuild target 'Target 1'
assembling startup_LPC17xx.s...
compiling system_LPC17xx.c...
compiling main.c...
compiling GLCD_SPI_LPC1700.c...
compiling utilities.c...
utilities.c(34): warning:  #1-D: last line of file ends without a newline
compiling uart.c...
linking...
Program Size: Code=5840 RO-data=6624 RW-data=96 ZI-data=1936  
"snake.axf" - 0 Error(s), 1 Warning(s).
Load "C:\\Users\\knoronha\\Desktop\\Egg_game-2013-04-10\\Egg game\\snake\\snake.AXF" 
Erase Done.
Programming Done.
Verify OK.
Rebuild target 'Target 1'
assembling startup_LPC17xx.s...
compiling system_LPC17xx.c...
compiling main.c...
main.c(175): error:  #20: identifier "val_tx" is undefined
main.c(214): error:  #20: identifier "val_tx" is undefined
compiling GLCD_SPI_LPC1700.c...
compiling utilities.c...
utilities.c(34): warning:  #1-D: last line of file ends without a newline
compiling uart.c...
Target not created
Load "C:\\Users\\knoronha\\Desktop\\Egg_game-2013-04-10\\Egg game\\snake\\snake.AXF" 
_____^
*** error 56: cannot open file
Rebuild target 'Target 1'
assembling startup_LPC17xx.s...
compiling system_LPC17xx.c...
compiling main.c...
main.c(175): error:  #20: identifier "val_tx" is undefined
main.c(214): error:  #20: identifier "val_tx" is undefined
compiling GLCD_SPI_LPC1700.c...
compiling utilities.c...
utilities.c(34): warning:  #1-D: last line of file ends without a newline
compiling uart.c...
Target not created
Rebuild target 'Target 1'
assembling startup_LPC17xx.s...
compiling system_LPC17xx.c...
compiling main.c...
main.c(172): error:  #20: identifier "val_Tx" is undefined
main.c(212): error:  #20: identifier "val_Tx" is undefined
compiling GLCD_SPI_LPC1700.c...
compiling utilities.c...
utilities.c(34): warning:  #1-D: last line of file ends without a newline
compiling uart.c...
Target not created
Rebuild target 'Target 1'
assembling startup_LPC17xx.s...
compiling system_LPC17xx.c...
compiling main.c...
main.c(175): error:  #20: identifier "val_tx" is undefined
main.c(214): error:  #20: identifier "val_tx" is undefined
compiling GLCD_SPI_LPC1700.c...
compiling utilities.c...
utilities.c(34): warning:  #1-D: last line of file ends without a newline
compiling uart.c...
Target not created
Rebuild target 'Target 1'
assembling startup_LPC17xx.s...
compiling system_LPC17xx.c...
compiling main.c...
main.c(175): error:  #20: identifier "val_tx" is undefined
compiling GLCD_SPI_LPC1700.c...
compiling utilities.c...
utilities.c(34): warning:  #1-D: last line of file ends without a newline
compiling uart.c...
Target not created
Rebuild target 'Target 1'
assembling startup_LPC17xx.s...
compiling system_LPC17xx.c...
compiling main.c...
compiling GLCD_SPI_LPC1700.c...
compiling utilities.c...
utilities.c(34): warning:  #1-D: last line of file ends without a newline
compiling uart.c...
linking...
Program Size: Code=6212 RO-data=6624 RW-data=96 ZI-data=1936  
"snake.axf" - 0 Error(s), 1 Warning(s).
Load "C:\\Users\\knoronha\\Desktop\\Egg_game-2013-04-10\\Egg game\\snake\\snake.AXF" 
Erase Done.
Programming Done.
Verify OK.
Rebuild target 'Target 1'
assembling startup_LPC17xx.s...
compiling system_LPC17xx.c...
compiling main.c...
compiling GLCD_SPI_LPC1700.c...
compiling utilities.c...
utilities.c(34): warning:  #1-D: last line of file ends without a newline
compiling uart.c...
linking...
Program Size: Code=6212 RO-data=6624 RW-data=100 ZI-data=1940  
"snake.axf" - 0 Error(s), 1 Warning(s).
Load "C:\\Users\\knoronha\\Desktop\\Egg_game-2013-04-10\\Egg game\\snake\\snake.AXF" 
Erase Done.
Programming Done.
Verify OK.
Build target 'Target 1'
compiling main.c...
linking...
Program Size: Code=6212 RO-data=6624 RW-data=100 ZI-data=1940  
"snake.axf" - 0 Error(s), 0 Warning(s).
Rebuild target 'Target 1'
assembling startup_LPC17xx.s...
compiling system_LPC17xx.c...
compiling main.c...
compiling GLCD_SPI_LPC1700.c...
compiling utilities.c...
utilities.c(34): warning:  #1-D: last line of file ends without a newline
compiling uart.c...
linking...
Program Size: Code=6212 RO-data=6624 RW-data=100 ZI-data=1940  
"snake.axf" - 0 Error(s), 1 Warning(s).
Rebuild target 'Target 1'
assembling startup_LPC17xx.s...
compiling system_LPC17xx.c...
compiling main.c...
compiling GLCD_SPI_LPC1700.c...
compiling utilities.c...
utilities.c(34): warning:  #1-D: last line of file ends without a newline
compiling uart.c...
linking...
Program Size: Code=6212 RO-data=6624 RW-data=100 ZI-data=1940  
"snake.axf" - 0 Error(s), 1 Warning(s).
Load "C:\\Users\\knoronha\\Desktop\\Egg_game-2013-04-10\\Egg game\\snake\\snake.AXF" 
Erase Done.
Programming Done.
Verify OK.
Rebuild target 'Target 1'
assembling startup_LPC17xx.s...
compiling system_LPC17xx.c...
compiling main.c...
compiling GLCD_SPI_LPC1700.c...
compiling utilities.c...
utilities.c(34): warning:  #1-D: last line of file ends without a newline
compiling uart.c...
linking...
Program Size: Code=6212 RO-data=6624 RW-data=100 ZI-data=1940  
"snake.axf" - 0 Error(s), 1 Warning(s).
Rebuild target 'Target 1'
assembling startup_LPC17xx.s...
compiling system_LPC17xx.c...
compiling main.c...
compiling GLCD_SPI_LPC1700.c...
compiling utilities.c...
utilities.c(34): warning:  #1-D: last line of file ends without a newline
compiling uart.c...
linking...
Program Size: Code=6212 RO-data=6624 RW-data=100 ZI-data=1940  
"snake.axf" - 0 Error(s), 1 Warning(s).
Load "C:\\Users\\knoronha\\Desktop\\Egg_game-2013-04-10\\Egg game\\snake\\snake.AXF" 
Erase Done.
Programming Done.
Verify OK.
Rebuild target 'Target 1'
assembling startup_LPC17xx.s...
compiling system_LPC17xx.c...
compiling main.c...
compiling GLCD_SPI_LPC1700.c...
compiling utilities.c...
utilities.c(34): warning:  #1-D: last line of file ends without a newline
compiling uart.c...
linking...
Program Size: Code=6220 RO-data=6624 RW-data=100 ZI-data=1940  
"snake.axf" - 0 Error(s), 1 Warning(s).
Load "C:\\Users\\knoronha\\Desktop\\Egg_game-2013-04-10\\Egg game\\snake\\snake.AXF" 
Erase Done.
Programming Done.
Verify OK.
Rebuild target 'Target 1'
assembling startup_LPC17xx.s...
compiling system_LPC17xx.c...
compiling main.c...
compiling GLCD_SPI_LPC1700.c...
compiling utilities.c...
utilities.c(34): warning:  #1-D: last line of file ends without a newline
compiling uart.c...
linking...
Program Size: Code=6080 RO-data=6624 RW-data=100 ZI-data=1940  
"snake.axf" - 0 Error(s), 1 Warning(s).
Load "C:\\Users\\knoronha\\Desktop\\Egg_game-2013-04-10\\Egg game\\snake\\snake.AXF" 
Erase Done.
Programming Done.
Verify OK.
Rebuild target 'Target 1'
assembling startup_LPC17xx.s...
compiling system_LPC17xx.c...
compiling main.c...
compiling GLCD_SPI_LPC1700.c...
compiling utilities.c...
utilities.c(34): warning:  #1-D: last line of file ends without a newline
compiling uart.c...
linking...
Program Size: Code=5924 RO-data=6624 RW-data=100 ZI-data=1940  
"snake.axf" - 0 Error(s), 1 Warning(s).
Load "C:\\Users\\knoronha\\Desktop\\Egg_game-2013-04-10\\Egg game\\snake\\snake.AXF" 
Erase Done.
Programming Done.
Verify OK.
Rebuild target 'Target 1'
assembling startup_LPC17xx.s...
compiling system_LPC17xx.c...
compiling main.c...
compiling GLCD_SPI_LPC1700.c...
compiling utilities.c...
utilities.c(34): warning:  #1-D: last line of file ends without a newline
compiling uart.c...
linking...
Program Size: Code=5796 RO-data=6624 RW-data=100 ZI-data=1940  
"snake.axf" - 0 Error(s), 1 Warning(s).
Load "C:\\Users\\knoronha\\Desktop\\Egg_game-2013-04-10\\Egg game\\snake\\snake.AXF" 
Erase Done.
Programming Done.
Verify OK.
Rebuild target 'Target 1'
assembling startup_LPC17xx.s...
compiling system_LPC17xx.c...
compiling main.c...
compiling GLCD_SPI_LPC1700.c...
compiling utilities.c...
utilities.c(34): warning:  #1-D: last line of file ends without a newline
compiling uart.c...
linking...
snake.axf: Error: L6218E: Undefined symbol val_Tx (referred from main.o).
Target not created
Rebuild target 'Target 1'
assembling startup_LPC17xx.s...
compiling system_LPC17xx.c...
compiling main.c...
compiling GLCD_SPI_LPC1700.c...
compiling utilities.c...
utilities.c(34): warning:  #1-D: last line of file ends without a newline
compiling uart.c...
linking...
snake.axf: Error: L6200E: Symbol UART1Buffer multiply defined (by uart.o and main.o).
Target not created
Rebuild target 'Target 1'
assembling startup_LPC17xx.s...
compiling system_LPC17xx.c...
compiling main.c...
compiling GLCD_SPI_LPC1700.c...
compiling utilities.c...
utilities.c(34): warning:  #1-D: last line of file ends without a newline
compiling uart.c...
linking...
Program Size: Code=5796 RO-data=6624 RW-data=100 ZI-data=1940  
"snake.axf" - 0 Error(s), 1 Warning(s).
Rebuild target 'Target 1'
assembling startup_LPC17xx.s...
compiling system_LPC17xx.c...
compiling main.c...
compiling GLCD_SPI_LPC1700.c...
compiling utilities.c...
utilities.c(34): warning:  #1-D: last line of file ends without a newline
compiling uart.c...
linking...
Program Size: Code=6220 RO-data=6624 RW-data=100 ZI-data=1940  
"snake.axf" - 0 Error(s), 1 Warning(s).
Load "C:\\Users\\knoronha\\Desktop\\Egg_game-2013-04-10\\Egg game\\snake\\snake.AXF" 
Erase Done.
Programming Done.
Verify OK.
Rebuild target 'Target 1'
assembling startup_LPC17xx.s...
compiling system_LPC17xx.c...
compiling main.c...
compiling GLCD_SPI_LPC1700.c...
compiling utilities.c...
utilities.c(34): warning:  #1-D: last line of file ends without a newline
compiling uart.c...
linking...
Program Size: Code=6220 RO-data=6624 RW-data=100 ZI-data=1940  
"snake.axf" - 0 Error(s), 1 Warning(s).
Load "C:\\Users\\knoronha\\Desktop\\Egg_game-2013-04-10\\Egg game\\snake\\snake.AXF" 
Erase Done.
Programming Done.
Verify OK.
Build target 'Target 1'
compiling main.c...
linking...
Program Size: Code=6220 RO-data=6624 RW-data=100 ZI-data=1940  
"snake.axf" - 0 Error(s), 0 Warning(s).
Load "C:\\Users\\knoronha\\Desktop\\Egg_game-2013-04-10\\Egg game\\snake\\snake.AXF" 
Erase Done.
Programming Done.
Verify OK.
Rebuild target 'Target 1'
assembling startup_LPC17xx.s...
compiling system_LPC17xx.c...
compiling main.c...
compiling GLCD_SPI_LPC1700.c...
compiling utilities.c...
utilities.c(34): warning:  #1-D: last line of file ends without a newline
compiling uart.c...
linking...
Program Size: Code=6220 RO-data=6624 RW-data=100 ZI-data=1940  
"snake.axf" - 0 Error(s), 1 Warning(s).
Load "C:\\Users\\knoronha\\Desktop\\Egg_game-2013-04-10\\Egg game\\snake\\snake.AXF" 
Erase Done.
Programming Done.
Verify OK.
Rebuild target 'Target 1'
assembling startup_LPC17xx.s...
compiling system_LPC17xx.c...
compiling main.c...
main.c(205): error:  #167: argument of type "int" is incompatible with parameter of type "unsigned char *"
compiling GLCD_SPI_LPC1700.c...
compiling utilities.c...
utilities.c(34): warning:  #1-D: last line of file ends without a newline
compiling uart.c...
Target not created
Load "C:\\Users\\knoronha\\Desktop\\Egg_game-2013-04-10\\Egg game\\snake\\snake.AXF" 
_____^
*** error 56: cannot open file
Rebuild target 'Target 1'
assembling startup_LPC17xx.s...
compiling system_LPC17xx.c...
compiling main.c...
main.c(205): error:  #167: argument of type "int" is incompatible with parameter of type "unsigned char *"
compiling GLCD_SPI_LPC1700.c...
compiling utilities.c...
utilities.c(34): warning:  #1-D: last line of file ends without a newline
compiling uart.c...
Target not created
Rebuild target 'Target 1'
assembling startup_LPC17xx.s...
compiling system_LPC17xx.c...
compiling main.c...
main.c(205): error:  #167: argument of type "unsigned char" is incompatible with parameter of type "unsigned char *"
compiling GLCD_SPI_LPC1700.c...
compiling utilities.c...
utilities.c(34): warning:  #1-D: last line of file ends without a newline
compiling uart.c...
Target not created
Load "C:\\Users\\knoronha\\Desktop\\Egg_game-2013-04-10\\Egg game\\snake\\snake.AXF" 
_____^
*** error 56: cannot open file
Rebuild target 'Target 1'
assembling startup_LPC17xx.s...
compiling system_LPC17xx.c...
compiling main.c...
main.c(205): error:  #167: argument of type "unsigned char" is incompatible with parameter of type "unsigned char *"
compiling GLCD_SPI_LPC1700.c...
compiling utilities.c...
utilities.c(34): warning:  #1-D: last line of file ends without a newline
compiling uart.c...
Target not created
Rebuild target 'Target 1'
assembling startup_LPC17xx.s...
compiling system_LPC17xx.c...
compiling main.c...
main.c(205): error:  #268: declaration may not appear after executable statement in block
main.c(205): error:  #79: expected a type specifier
main.c(205): error:  #79: expected a type specifier
main.c(205): error:  #79: expected a type specifier
main.c(205): error:  #757: variable "val_Tx" is not a type name
compiling GLCD_SPI_LPC1700.c...
compiling utilities.c...
utilities.c(34): warning:  #1-D: last line of file ends without a newline
compiling uart.c...
Target not created
Rebuild target 'Target 1'
assembling startup_LPC17xx.s...
compiling system_LPC17xx.c...
compiling main.c...
main.c(205): error:  #268: declaration may not appear after executable statement in block
main.c(205): error:  #79: expected a type specifier
main.c(205): error:  #79: expected a type specifier
main.c(205): error:  #79: expected a type specifier
main.c(205): error:  #757: variable "val_Tx" is not a type name
compiling GLCD_SPI_LPC1700.c...
compiling utilities.c...
utilities.c(34): warning:  #1-D: last line of file ends without a newline
compiling uart.c...
Target not created
Rebuild target 'Target 1'
assembling startup_LPC17xx.s...
compiling system_LPC17xx.c...
compiling main.c...
main.c(205): error:  #268: declaration may not appear after executable statement in block
main.c(205): error:  #79: expected a type specifier
main.c(205): error:  #79: expected a type specifier
main.c(205): error:  #79: expected a type specifier
main.c(205): error:  #757: variable "val_Tx" is not a type name
compiling GLCD_SPI_LPC1700.c...
compiling utilities.c...
utilities.c(34): warning:  #1-D: last line of file ends without a newline
compiling uart.c...
Target not created
Rebuild target 'Target 1'
assembling startup_LPC17xx.s...
compiling system_LPC17xx.c...
compiling main.c...
main.c(205): error:  #268: declaration may not appear after executable statement in block
main.c(205): error:  #79: expected a type specifier
main.c(205): error:  #79: expected a type specifier
main.c(205): error:  #79: expected a type specifier
main.c(205): error:  #757: variable "val_Tx" is not a type name
compiling GLCD_SPI_LPC1700.c...
compiling utilities.c...
utilities.c(34): warning:  #1-D: last line of file ends without a newline
compiling uart.c...
Target not created
Rebuild target 'Target 1'
assembling startup_LPC17xx.s...
compiling system_LPC17xx.c...
compiling main.c...
main.c(205): error:  #268: declaration may not appear after executable statement in block
main.c(205): error:  #79: expected a type specifier
main.c(205): error:  #79: expected a type specifier
main.c(207): error:  #65: expected a ";"
main.c(232): warning:  #12-D: parsing restarts here after previous syntax error
main.c(247): error:  #169: expected a declaration
main.c(294): warning: At end of source:  #12-D: parsing restarts here after previous syntax error
compiling GLCD_SPI_LPC1700.c...
compiling utilities.c...
utilities.c(34): warning:  #1-D: last line of file ends without a newline
compiling uart.c...
Target not created
Rebuild target 'Target 1'
assembling startup_LPC17xx.s...
compiling system_LPC17xx.c...
compiling main.c...
main.c(205): error:  #268: declaration may not appear after executable statement in block
main.c(205): error:  #79: expected a type specifier
main.c(205): error:  #79: expected a type specifier
main.c(205): error:  #79: expected a type specifier
main.c(205): error:  #757: variable "UART0Buffer" is not a type name
main.c(205): error:  #94-D: the size of an array must be greater than zero
compiling GLCD_SPI_LPC1700.c...
compiling utilities.c...
utilities.c(34): warning:  #1-D: last line of file ends without a newline
compiling uart.c...
Target not created
Rebuild target 'Target 1'
assembling startup_LPC17xx.s...
compiling system_LPC17xx.c...
compiling main.c...
main.c(205): error:  #167: argument of type "uint8_t" is incompatible with parameter of type "unsigned char *"
compiling GLCD_SPI_LPC1700.c...
compiling utilities.c...
utilities.c(34): warning:  #1-D: last line of file ends without a newline
compiling uart.c...
Target not created
Rebuild target 'Target 1'
assembling startup_LPC17xx.s...
compiling system_LPC17xx.c...
compiling main.c...
compiling GLCD_SPI_LPC1700.c...
compiling utilities.c...
utilities.c(34): warning:  #1-D: last line of file ends without a newline
compiling uart.c...
linking...
Program Size: Code=6236 RO-data=6624 RW-data=96 ZI-data=1936  
"snake.axf" - 0 Error(s), 1 Warning(s).
Rebuild target 'Target 1'
assembling startup_LPC17xx.s...
compiling system_LPC17xx.c...
compiling main.c...
main.c(205): warning:  #167-D: argument of type "volatile uint8_t *" is incompatible with parameter of type "unsigned char *"
compiling GLCD_SPI_LPC1700.c...
compiling utilities.c...
utilities.c(34): warning:  #1-D: last line of file ends without a newline
compiling uart.c...
linking...
Program Size: Code=6232 RO-data=6624 RW-data=96 ZI-data=1936  
"snake.axf" - 0 Error(s), 2 Warning(s).
Load "C:\\Users\\knoronha\\Desktop\\Egg_game-2013-04-10\\Egg game\\snake\\snake.AXF" 
Erase Done.
Programming Done.
Verify OK.
Rebuild target 'Target 1'
assembling startup_LPC17xx.s...
compiling system_LPC17xx.c...
compiling main.c...
main.c(205): warning:  #167-D: argument of type "volatile uint8_t *" is incompatible with parameter of type "unsigned char *"
compiling GLCD_SPI_LPC1700.c...
compiling utilities.c...
utilities.c(34): warning:  #1-D: last line of file ends without a newline
compiling uart.c...
linking...
Program Size: Code=6232 RO-data=6624 RW-data=96 ZI-data=1936  
"snake.axf" - 0 Error(s), 2 Warning(s).
Load "C:\\Users\\knoronha\\Desktop\\Egg_game-2013-04-10\\Egg game\\snake\\snake.AXF" 
Erase Done.
Programming Done.
Verify OK.
Rebuild target 'Target 1'
assembling startup_LPC17xx.s...
compiling system_LPC17xx.c...
compiling main.c...
main.c(205): warning:  #167-D: argument of type "volatile uint8_t *" is incompatible with parameter of type "unsigned char *"
compiling GLCD_SPI_LPC1700.c...
compiling utilities.c...
utilities.c(34): warning:  #1-D: last line of file ends without a newline
compiling uart.c...
linking...
Program Size: Code=6240 RO-data=6624 RW-data=96 ZI-data=1936  
"snake.axf" - 0 Error(s), 2 Warning(s).
Load "C:\\Users\\knoronha\\Desktop\\Egg_game-2013-04-10\\Egg game\\snake\\snake.AXF" 
Erase Done.
Programming Done.
Verify OK.
Rebuild target 'Target 1'
assembling startup_LPC17xx.s...
compiling system_LPC17xx.c...
compiling main.c...
compiling GLCD_SPI_LPC1700.c...
compiling utilities.c...
utilities.c(34): warning:  #1-D: last line of file ends without a newline
compiling uart.c...
linking...
Program Size: Code=6228 RO-data=6624 RW-data=96 ZI-data=1936  
"snake.axf" - 0 Error(s), 1 Warning(s).
Load "C:\\Users\\knoronha\\Desktop\\Egg_game-2013-04-10\\Egg game\\snake\\snake.AXF" 
Erase Done.
Programming Done.
Verify OK.
Rebuild target 'Target 1'
assembling startup_LPC17xx.s...
compiling system_LPC17xx.c...
compiling main.c...
main.c(205): warning:  #167-D: argument of type "volatile uint8_t *" is incompatible with parameter of type "unsigned char *"
compiling GLCD_SPI_LPC1700.c...
compiling utilities.c...
utilities.c(34): warning:  #1-D: last line of file ends without a newline
compiling uart.c...
linking...
Program Size: Code=6240 RO-data=6624 RW-data=96 ZI-data=1936  
"snake.axf" - 0 Error(s), 2 Warning(s).
Load "C:\\Users\\knoronha\\Desktop\\Egg_game-2013-04-10\\Egg game\\snake\\snake.AXF" 
Erase Done.
Programming Done.
Verify OK.
Rebuild target 'Target 1'
assembling startup_LPC17xx.s...
compiling system_LPC17xx.c...
compiling main.c...
main.c(205): warning:  #167-D: argument of type "volatile uint8_t *" is incompatible with parameter of type "unsigned char *"
compiling GLCD_SPI_LPC1700.c...
compiling utilities.c...
utilities.c(34): warning:  #1-D: last line of file ends without a newline
compiling uart.c...
linking...
Program Size: Code=6240 RO-data=6624 RW-data=96 ZI-data=1936  
"snake.axf" - 0 Error(s), 2 Warning(s).
Load "C:\\Users\\knoronha\\Desktop\\Egg_game-2013-04-10\\Egg game\\snake\\snake.AXF" 
Erase Done.
Programming Done.
Verify OK.
Rebuild target 'Target 1'
assembling startup_LPC17xx.s...
compiling system_LPC17xx.c...
compiling main.c...
compiling GLCD_SPI_LPC1700.c...
compiling utilities.c...
utilities.c(34): warning:  #1-D: last line of file ends without a newline
compiling uart.c...
linking...
Program Size: Code=6228 RO-data=6624 RW-data=96 ZI-data=1936  
"snake.axf" - 0 Error(s), 1 Warning(s).
Load "C:\\Users\\knoronha\\Desktop\\Egg_game-2013-04-10\\Egg game\\snake\\snake.AXF" 
Erase Done.
Programming Done.
Verify OK.
Rebuild target 'Target 1'
assembling startup_LPC17xx.s...
compiling system_LPC17xx.c...
compiling main.c...
main.c(207): error:  #42: operand types are incompatible ("unsigned char" and "char *")
main.c(207): error:  #42: operand types are incompatible ("unsigned char" and "char *")
main.c(207): error:  #42: operand types are incompatible ("unsigned char" and "char *")
main.c(207): error:  #42: operand types are incompatible ("unsigned char" and "char *")
main.c(212): error:  #42: operand types are incompatible ("unsigned char" and "char *")
main.c(217): error:  #42: operand types are incompatible ("unsigned char" and "char *")
main.c(221): error:  #42: operand types are incompatible ("unsigned char" and "char *")
main.c(225): error:  #42: operand types are incompatible ("unsigned char" and "char *")
compiling GLCD_SPI_LPC1700.c...
compiling utilities.c...
utilities.c(34): warning:  #1-D: last line of file ends without a newline
compiling uart.c...
Target not created
Rebuild target 'Target 1'
assembling startup_LPC17xx.s...
compiling system_LPC17xx.c...
compiling main.c...
main.c(205): warning:  #167-D: argument of type "volatile uint8_t *" is incompatible with parameter of type "unsigned char *"
compiling GLCD_SPI_LPC1700.c...
compiling utilities.c...
utilities.c(34): warning:  #1-D: last line of file ends without a newline
compiling uart.c...
linking...
Program Size: Code=6240 RO-data=6624 RW-data=96 ZI-data=1936  
"snake.axf" - 0 Error(s), 2 Warning(s).
Load "C:\\Users\\knoronha\\Desktop\\Egg_game-2013-04-10\\Egg game\\snake\\snake.AXF" 
Erase Done.
Programming Done.
Verify OK.
Rebuild target 'Target 1'
assembling startup_LPC17xx.s...
compiling system_LPC17xx.c...
compiling main.c...
compiling GLCD_SPI_LPC1700.c...
compiling utilities.c...
utilities.c(34): warning:  #1-D: last line of file ends without a newline
compiling uart.c...
linking...
Program Size: Code=6228 RO-data=6624 RW-data=96 ZI-data=1936  
"snake.axf" - 0 Error(s), 1 Warning(s).
Load "C:\\Users\\knoronha\\Desktop\\Egg_game-2013-04-10\\Egg game\\snake\\snake.AXF" 
Erase Done.
Programming Done.
Verify OK.
Rebuild target 'Target 1'
assembling startup_LPC17xx.s...
compiling system_LPC17xx.c...
compiling main.c...
main.c(205): warning:  #167-D: argument of type "volatile uint8_t *" is incompatible with parameter of type "unsigned char *"
compiling GLCD_SPI_LPC1700.c...
compiling utilities.c...
utilities.c(34): warning:  #1-D: last line of file ends without a newline
compiling uart.c...
linking...
Program Size: Code=6240 RO-data=6624 RW-data=96 ZI-data=1936  
"snake.axf" - 0 Error(s), 2 Warning(s).
Load "C:\\Users\\knoronha\\Desktop\\Egg_game-2013-04-10\\Egg game\\snake\\snake.AXF" 
Erase Done.
Programming Done.
Verify OK.
Rebuild target 'Target 1'
assembling startup_LPC17xx.s...
compiling system_LPC17xx.c...
compiling main.c...
compiling GLCD_SPI_LPC1700.c...
compiling utilities.c...
utilities.c(34): warning:  #1-D: last line of file ends without a newline
compiling uart.c...
linking...
Program Size: Code=6228 RO-data=6624 RW-data=96 ZI-data=1936  
"snake.axf" - 0 Error(s), 1 Warning(s).
Load "C:\\Users\\knoronha\\Desktop\\Egg_game-2013-04-10\\Egg game\\snake\\snake.AXF" 
Erase Done.
Programming Done.
Verify OK.
Rebuild target 'Target 1'
assembling startup_LPC17xx.s...
compiling system_LPC17xx.c...
compiling main.c...
compiling GLCD_SPI_LPC1700.c...
compiling utilities.c...
utilities.c(34): warning:  #1-D: last line of file ends without a newline
compiling uart.c...
linking...
Program Size: Code=6220 RO-data=6624 RW-data=96 ZI-data=1936  
"snake.axf" - 0 Error(s), 1 Warning(s).
Load "C:\\Users\\knoronha\\Desktop\\Egg_game-2013-04-10\\Egg game\\snake\\snake.AXF" 
Erase Done.
Programming Done.
Verify OK.
Rebuild target 'Target 1'
assembling startup_LPC17xx.s...
compiling system_LPC17xx.c...
compiling main.c...
compiling GLCD_SPI_LPC1700.c...
compiling utilities.c...
utilities.c(34): warning:  #1-D: last line of file ends without a newline
compiling uart.c...
linking...
Program Size: Code=6220 RO-data=6624 RW-data=96 ZI-data=1936  
"snake.axf" - 0 Error(s), 1 Warning(s).
Load "C:\\Users\\knoronha\\Desktop\\Egg_game-2013-04-10\\Egg game\\snake\\snake.AXF" 
Erase Done.
Programming Done.
Verify OK.
Rebuild target 'Target 1'
assembling startup_LPC17xx.s...
compiling system_LPC17xx.c...
compiling main.c...
main.c(212): warning:  #2548-D: multicharacter character literal (potential portability problem)
compiling GLCD_SPI_LPC1700.c...
compiling utilities.c...
utilities.c(34): warning:  #1-D: last line of file ends without a newline
compiling uart.c...
linking...
Program Size: Code=6152 RO-data=6624 RW-data=96 ZI-data=1936  
"snake.axf" - 0 Error(s), 2 Warning(s).
Load "C:\\Users\\knoronha\\Desktop\\Egg_game-2013-04-10\\Egg game\\snake\\snake.AXF" 
Erase Done.
Programming Done.
Verify OK.
Rebuild target 'Target 1'
assembling startup_LPC17xx.s...
compiling system_LPC17xx.c...
compiling main.c...
compiling GLCD_SPI_LPC1700.c...
compiling utilities.c...
utilities.c(34): warning:  #1-D: last line of file ends without a newline
compiling uart.c...
linking...
Program Size: Code=6148 RO-data=6624 RW-data=96 ZI-data=1936  
"snake.axf" - 0 Error(s), 1 Warning(s).
Load "C:\\Users\\knoronha\\Desktop\\Egg_game-2013-04-10\\Egg game\\snake\\snake.AXF" 
Erase Done.
Programming Done.
Verify OK.
Rebuild target 'Target 1'
assembling startup_LPC17xx.s...
compiling system_LPC17xx.c...
compiling main.c...
compiling GLCD_SPI_LPC1700.c...
compiling utilities.c...
utilities.c(34): warning:  #1-D: last line of file ends without a newline
compiling uart.c...
linking...
Program Size: Code=6148 RO-data=6624 RW-data=96 ZI-data=1936  
"snake.axf" - 0 Error(s), 1 Warning(s).
Load "C:\\Users\\knoronha\\Desktop\\Egg_game-2013-04-10\\Egg game\\snake\\snake.AXF" 
Erase Done.
Programming Done.
Verify OK.
Rebuild target 'Target 1'
assembling startup_LPC17xx.s...
compiling system_LPC17xx.c...
compiling main.c...
main.c(249): error:  #268: declaration may not appear after executable statement in block
main.c(249): error:  #67: expected a "}"
compiling GLCD_SPI_LPC1700.c...
compiling utilities.c...
utilities.c(34): warning:  #1-D: last line of file ends without a newline
compiling uart.c...
Target not created
Rebuild target 'Target 1'
assembling startup_LPC17xx.s...
compiling system_LPC17xx.c...
compiling main.c...
compiling GLCD_SPI_LPC1700.c...
compiling utilities.c...
utilities.c(34): warning:  #1-D: last line of file ends without a newline
compiling uart.c...
linking...
Program Size: Code=6220 RO-data=6624 RW-data=96 ZI-data=1936  
"snake.axf" - 0 Error(s), 1 Warning(s).
Load "C:\\Users\\knoronha\\Desktop\\Egg_game-2013-04-10\\Egg game\\snake\\snake.AXF" 
Erase Done.
Programming Done.
Verify OK.
Build target 'Target 1'
compiling main.c...
linking...
Program Size: Code=6220 RO-data=6624 RW-data=96 ZI-data=1936  
"snake.axf" - 0 Error(s), 0 Warning(s).
Rebuild target 'Target 1'
assembling startup_LPC17xx.s...
compiling system_LPC17xx.c...
compiling main.c...
compiling GLCD_SPI_LPC1700.c...
compiling utilities.c...
utilities.c(34): warning:  #1-D: last line of file ends without a newline
compiling uart.c...
linking...
Program Size: Code=6220 RO-data=6624 RW-data=96 ZI-data=1936  
"snake.axf" - 0 Error(s), 1 Warning(s).
Rebuild target 'Target 1'
assembling startup_LPC17xx.s...
compiling system_LPC17xx.c...
compiling main.c...
compiling GLCD_SPI_LPC1700.c...
compiling utilities.c...
compiling uart.c...
linking...
Program Size: Code=6448 RO-data=6508 RW-data=96 ZI-data=1936  
"snake.axf" - 0 Error(s), 0 Warning(s).
Rebuild target 'Target 1'
assembling startup_LPC17xx.s...
compiling system_LPC17xx.c...
compiling main.c...
main.c(104): warning:  #223-D: function "KEN_draw_straightlineY" declared implicitly
compiling GLCD_SPI_LPC1700.c...
compiling utilities.c...
compiling uart.c...
linking...
Program Size: Code=6516 RO-data=6508 RW-data=96 ZI-data=1936  
"snake.axf" - 0 Error(s), 1 Warning(s).
Load "C:\\Users\\knoronha\\Desktop\\Egg_game-2013-04-10\\Egg game\\snake\\snake.AXF" 
Erase Done.
Programming Done.
Verify OK.
Load "C:\\Users\\knoronha\\Desktop\\Egg_game-2013-04-10\\Egg game\\snake\\snake.AXF" 
Erase Done.
Programming Done.
Verify OK.
